Command line invocation:
    /Applications/Xcode.app/Contents/Developer/usr/bin/xcodebuild -scheme SiliconPulse -destination platform=macOS build

2026-01-01 16:25:31.959 xcodebuild[12293:6515304] [MT] IDERunDestination: Supported platforms for the buildables in the current scheme is empty.
--- xcodebuild: WARNING: Using the first of multiple matching destinations:
{ platform:macOS, arch:arm64, id:00008142-001C25080AF3801C, name:My Mac }
{ platform:macOS, arch:x86_64, id:00008142-001C25080AF3801C, name:My Mac }
ComputePackagePrebuildTargetDependencyGraph

Prepare packages

CreateBuildRequest

SendProjectDescription

CreateBuildOperation

ComputeTargetDependencyGraph
note: Building targets in dependency order
note: Target dependency graph (1 target)
    Target 'SiliconPulse' in project 'SiliconPulse' (no dependencies)

GatherProvisioningInputs

CreateBuildDescription

ExecuteExternalTool /Applications/Xcode.app/Contents/Developer/Toolchains/XcodeDefault.xctoolchain/usr/bin/clang -v -E -dM -isysroot /Applications/Xcode.app/Contents/Developer/Platforms/MacOSX.platform/Developer/SDKs/MacOSX26.2.sdk -x c -c /dev/null

ExecuteExternalTool /Applications/Xcode.app/Contents/Developer/usr/bin/actool --version --output-format xml1

ExecuteExternalTool /Applications/Xcode.app/Contents/Developer/Toolchains/XcodeDefault.xctoolchain/usr/bin/swiftc --version

ExecuteExternalTool /Applications/Xcode.app/Contents/Developer/Toolchains/XcodeDefault.xctoolchain/usr/bin/ld -version_details

Build description signature: e0e057a08824a46cb87c515d82d41dda
Build description path: /Users/alan/Library/Developer/Xcode/DerivedData/SiliconPulse-fjzzmonopzoemsbeessstniitxrx/Build/Intermediates.noindex/XCBuildData/e0e057a08824a46cb87c515d82d41dda.xcbuilddata
CreateBuildDirectory /Users/alan/Library/Developer/Xcode/DerivedData/SiliconPulse-fjzzmonopzoemsbeessstniitxrx/Build/Products
    cd /Users/alan/SiliconPulse/SiliconPulse.xcodeproj
    builtin-create-build-directory /Users/alan/Library/Developer/Xcode/DerivedData/SiliconPulse-fjzzmonopzoemsbeessstniitxrx/Build/Products

CreateBuildDirectory /Users/alan/Library/Developer/Xcode/DerivedData/SiliconPulse-fjzzmonopzoemsbeessstniitxrx/Build/Intermediates.noindex
    cd /Users/alan/SiliconPulse/SiliconPulse.xcodeproj
    builtin-create-build-directory /Users/alan/Library/Developer/Xcode/DerivedData/SiliconPulse-fjzzmonopzoemsbeessstniitxrx/Build/Intermediates.noindex

ClangStatCache /Applications/Xcode.app/Contents/Developer/Toolchains/XcodeDefault.xctoolchain/usr/bin/clang-stat-cache /Applications/Xcode.app/Contents/Developer/Platforms/MacOSX.platform/Developer/SDKs/MacOSX26.2.sdk /Users/alan/Library/Developer/Xcode/DerivedData/SDKStatCaches.noindex/macosx26.2-25C57-00fa09913b459cbbc988d1f6730289ae.sdkstatcache
    cd /Users/alan/SiliconPulse/SiliconPulse.xcodeproj
    /Applications/Xcode.app/Contents/Developer/Toolchains/XcodeDefault.xctoolchain/usr/bin/clang-stat-cache /Applications/Xcode.app/Contents/Developer/Platforms/MacOSX.platform/Developer/SDKs/MacOSX26.2.sdk -o /Users/alan/Library/Developer/Xcode/DerivedData/SDKStatCaches.noindex/macosx26.2-25C57-00fa09913b459cbbc988d1f6730289ae.sdkstatcache

CreateBuildDirectory /Users/alan/Library/Developer/Xcode/DerivedData/SiliconPulse-fjzzmonopzoemsbeessstniitxrx/Build/Intermediates.noindex/SwiftExplicitPrecompiledModules
    cd /Users/alan/SiliconPulse/SiliconPulse.xcodeproj
    builtin-create-build-directory /Users/alan/Library/Developer/Xcode/DerivedData/SiliconPulse-fjzzmonopzoemsbeessstniitxrx/Build/Intermediates.noindex/SwiftExplicitPrecompiledModules

CreateBuildDirectory /Users/alan/Library/Developer/Xcode/DerivedData/SiliconPulse-fjzzmonopzoemsbeessstniitxrx/Build/Intermediates.noindex/ExplicitPrecompiledModules
    cd /Users/alan/SiliconPulse/SiliconPulse.xcodeproj
    builtin-create-build-directory /Users/alan/Library/Developer/Xcode/DerivedData/SiliconPulse-fjzzmonopzoemsbeessstniitxrx/Build/Intermediates.noindex/ExplicitPrecompiledModules

CreateBuildDirectory /Users/alan/Library/Developer/Xcode/DerivedData/SiliconPulse-fjzzmonopzoemsbeessstniitxrx/Build/Intermediates.noindex/EagerLinkingTBDs/Debug
    cd /Users/alan/SiliconPulse/SiliconPulse.xcodeproj
    builtin-create-build-directory /Users/alan/Library/Developer/Xcode/DerivedData/SiliconPulse-fjzzmonopzoemsbeessstniitxrx/Build/Intermediates.noindex/EagerLinkingTBDs/Debug

WriteAuxiliaryFile /Users/alan/Library/Developer/Xcode/DerivedData/SiliconPulse-fjzzmonopzoemsbeessstniitxrx/Build/Intermediates.noindex/SiliconPulse.build/Debug/SiliconPulse-ee71a67829c9ca2a5a99b2fcbb03e470-VFS/all-product-headers.yaml
    cd /Users/alan/SiliconPulse/SiliconPulse.xcodeproj
    write-file /Users/alan/Library/Developer/Xcode/DerivedData/SiliconPulse-fjzzmonopzoemsbeessstniitxrx/Build/Intermediates.noindex/SiliconPulse.build/Debug/SiliconPulse-ee71a67829c9ca2a5a99b2fcbb03e470-VFS/all-product-headers.yaml

CreateBuildDirectory /Users/alan/Library/Developer/Xcode/DerivedData/SiliconPulse-fjzzmonopzoemsbeessstniitxrx/Build/Products/Debug
    cd /Users/alan/SiliconPulse/SiliconPulse.xcodeproj
    builtin-create-build-directory /Users/alan/Library/Developer/Xcode/DerivedData/SiliconPulse-fjzzmonopzoemsbeessstniitxrx/Build/Products/Debug

WriteAuxiliaryFile /Users/alan/Library/Developer/Xcode/DerivedData/SiliconPulse-fjzzmonopzoemsbeessstniitxrx/Build/Intermediates.noindex/SiliconPulse.build/Debug/SiliconPulse.build/SiliconPulse.DependencyStaticMetadataFileList (in target 'SiliconPulse' from project 'SiliconPulse')
    cd /Users/alan/SiliconPulse
    write-file /Users/alan/Library/Developer/Xcode/DerivedData/SiliconPulse-fjzzmonopzoemsbeessstniitxrx/Build/Intermediates.noindex/SiliconPulse.build/Debug/SiliconPulse.build/SiliconPulse.DependencyStaticMetadataFileList

WriteAuxiliaryFile /Users/alan/Library/Developer/Xcode/DerivedData/SiliconPulse-fjzzmonopzoemsbeessstniitxrx/Build/Intermediates.noindex/SiliconPulse.build/Debug/SiliconPulse.build/SiliconPulse.DependencyMetadataFileList (in target 'SiliconPulse' from project 'SiliconPulse')
    cd /Users/alan/SiliconPulse
    write-file /Users/alan/Library/Developer/Xcode/DerivedData/SiliconPulse-fjzzmonopzoemsbeessstniitxrx/Build/Intermediates.noindex/SiliconPulse.build/Debug/SiliconPulse.build/SiliconPulse.DependencyMetadataFileList

WriteAuxiliaryFile /Users/alan/Library/Developer/Xcode/DerivedData/SiliconPulse-fjzzmonopzoemsbeessstniitxrx/Build/Intermediates.noindex/SiliconPulse.build/Debug/SiliconPulse.build/SiliconPulse-all-target-headers.hmap (in target 'SiliconPulse' from project 'SiliconPulse')
    cd /Users/alan/SiliconPulse
    write-file /Users/alan/Library/Developer/Xcode/DerivedData/SiliconPulse-fjzzmonopzoemsbeessstniitxrx/Build/Intermediates.noindex/SiliconPulse.build/Debug/SiliconPulse.build/SiliconPulse-all-target-headers.hmap

WriteAuxiliaryFile /Users/alan/Library/Developer/Xcode/DerivedData/SiliconPulse-fjzzmonopzoemsbeessstniitxrx/Build/Intermediates.noindex/SiliconPulse.build/Debug/SiliconPulse.build/empty-SiliconPulse.plist (in target 'SiliconPulse' from project 'SiliconPulse')
    cd /Users/alan/SiliconPulse
    write-file /Users/alan/Library/Developer/Xcode/DerivedData/SiliconPulse-fjzzmonopzoemsbeessstniitxrx/Build/Intermediates.noindex/SiliconPulse.build/Debug/SiliconPulse.build/empty-SiliconPulse.plist

WriteAuxiliaryFile /Users/alan/Library/Developer/Xcode/DerivedData/SiliconPulse-fjzzmonopzoemsbeessstniitxrx/Build/Intermediates.noindex/SiliconPulse.build/Debug/SiliconPulse.build/SiliconPulse.hmap (in target 'SiliconPulse' from project 'SiliconPulse')
    cd /Users/alan/SiliconPulse
    write-file /Users/alan/Library/Developer/Xcode/DerivedData/SiliconPulse-fjzzmonopzoemsbeessstniitxrx/Build/Intermediates.noindex/SiliconPulse.build/Debug/SiliconPulse.build/SiliconPulse.hmap

WriteAuxiliaryFile /Users/alan/Library/Developer/Xcode/DerivedData/SiliconPulse-fjzzmonopzoemsbeessstniitxrx/Build/Intermediates.noindex/SiliconPulse.build/Debug/SiliconPulse.build/SiliconPulse-own-target-headers.hmap (in target 'SiliconPulse' from project 'SiliconPulse')
    cd /Users/alan/SiliconPulse
    write-file /Users/alan/Library/Developer/Xcode/DerivedData/SiliconPulse-fjzzmonopzoemsbeessstniitxrx/Build/Intermediates.noindex/SiliconPulse.build/Debug/SiliconPulse.build/SiliconPulse-own-target-headers.hmap

WriteAuxiliaryFile /Users/alan/Library/Developer/Xcode/DerivedData/SiliconPulse-fjzzmonopzoemsbeessstniitxrx/Build/Intermediates.noindex/SiliconPulse.build/Debug/SiliconPulse.build/SiliconPulse-generated-files.hmap (in target 'SiliconPulse' from project 'SiliconPulse')
    cd /Users/alan/SiliconPulse
    write-file /Users/alan/Library/Developer/Xcode/DerivedData/SiliconPulse-fjzzmonopzoemsbeessstniitxrx/Build/Intermediates.noindex/SiliconPulse.build/Debug/SiliconPulse.build/SiliconPulse-generated-files.hmap

WriteAuxiliaryFile /Users/alan/Library/Developer/Xcode/DerivedData/SiliconPulse-fjzzmonopzoemsbeessstniitxrx/Build/Intermediates.noindex/SiliconPulse.build/Debug/SiliconPulse.build/SiliconPulse-project-headers.hmap (in target 'SiliconPulse' from project 'SiliconPulse')
    cd /Users/alan/SiliconPulse
    write-file /Users/alan/Library/Developer/Xcode/DerivedData/SiliconPulse-fjzzmonopzoemsbeessstniitxrx/Build/Intermediates.noindex/SiliconPulse.build/Debug/SiliconPulse.build/SiliconPulse-project-headers.hmap

WriteAuxiliaryFile /Users/alan/Library/Developer/Xcode/DerivedData/SiliconPulse-fjzzmonopzoemsbeessstniitxrx/Build/Intermediates.noindex/SiliconPulse.build/Debug/SiliconPulse.build/SiliconPulse-all-non-framework-target-headers.hmap (in target 'SiliconPulse' from project 'SiliconPulse')
    cd /Users/alan/SiliconPulse
    write-file /Users/alan/Library/Developer/Xcode/DerivedData/SiliconPulse-fjzzmonopzoemsbeessstniitxrx/Build/Intermediates.noindex/SiliconPulse.build/Debug/SiliconPulse.build/SiliconPulse-all-non-framework-target-headers.hmap

WriteAuxiliaryFile /Users/alan/Library/Developer/Xcode/DerivedData/SiliconPulse-fjzzmonopzoemsbeessstniitxrx/Build/Intermediates.noindex/SiliconPulse.build/Debug/SiliconPulse.build/SiliconPulse-DebugDylibInstallName-normal-arm64.txt (in target 'SiliconPulse' from project 'SiliconPulse')
    cd /Users/alan/SiliconPulse
    write-file /Users/alan/Library/Developer/Xcode/DerivedData/SiliconPulse-fjzzmonopzoemsbeessstniitxrx/Build/Intermediates.noindex/SiliconPulse.build/Debug/SiliconPulse.build/SiliconPulse-DebugDylibInstallName-normal-arm64.txt

WriteAuxiliaryFile /Users/alan/Library/Developer/Xcode/DerivedData/SiliconPulse-fjzzmonopzoemsbeessstniitxrx/Build/Intermediates.noindex/SiliconPulse.build/Debug/SiliconPulse.build/SiliconPulse-DebugDylibPath-normal-arm64.txt (in target 'SiliconPulse' from project 'SiliconPulse')
    cd /Users/alan/SiliconPulse
    write-file /Users/alan/Library/Developer/Xcode/DerivedData/SiliconPulse-fjzzmonopzoemsbeessstniitxrx/Build/Intermediates.noindex/SiliconPulse.build/Debug/SiliconPulse.build/SiliconPulse-DebugDylibPath-normal-arm64.txt

WriteAuxiliaryFile /Users/alan/Library/Developer/Xcode/DerivedData/SiliconPulse-fjzzmonopzoemsbeessstniitxrx/Build/Intermediates.noindex/SiliconPulse.build/Debug/SiliconPulse.build/Objects-normal/arm64/SiliconPulse.SwiftFileList (in target 'SiliconPulse' from project 'SiliconPulse')
    cd /Users/alan/SiliconPulse
    write-file /Users/alan/Library/Developer/Xcode/DerivedData/SiliconPulse-fjzzmonopzoemsbeessstniitxrx/Build/Intermediates.noindex/SiliconPulse.build/Debug/SiliconPulse.build/Objects-normal/arm64/SiliconPulse.SwiftFileList

WriteAuxiliaryFile /Users/alan/Library/Developer/Xcode/DerivedData/SiliconPulse-fjzzmonopzoemsbeessstniitxrx/Build/Intermediates.noindex/SiliconPulse.build/Debug/SiliconPulse.build/Objects-normal/arm64/SiliconPulse_const_extract_protocols.json (in target 'SiliconPulse' from project 'SiliconPulse')
    cd /Users/alan/SiliconPulse
    write-file /Users/alan/Library/Developer/Xcode/DerivedData/SiliconPulse-fjzzmonopzoemsbeessstniitxrx/Build/Intermediates.noindex/SiliconPulse.build/Debug/SiliconPulse.build/Objects-normal/arm64/SiliconPulse_const_extract_protocols.json

WriteAuxiliaryFile /Users/alan/Library/Developer/Xcode/DerivedData/SiliconPulse-fjzzmonopzoemsbeessstniitxrx/Build/Intermediates.noindex/SiliconPulse.build/Debug/SiliconPulse.build/Objects-normal/arm64/SiliconPulse.SwiftConstValuesFileList (in target 'SiliconPulse' from project 'SiliconPulse')
    cd /Users/alan/SiliconPulse
    write-file /Users/alan/Library/Developer/Xcode/DerivedData/SiliconPulse-fjzzmonopzoemsbeessstniitxrx/Build/Intermediates.noindex/SiliconPulse.build/Debug/SiliconPulse.build/Objects-normal/arm64/SiliconPulse.SwiftConstValuesFileList

WriteAuxiliaryFile /Users/alan/Library/Developer/Xcode/DerivedData/SiliconPulse-fjzzmonopzoemsbeessstniitxrx/Build/Intermediates.noindex/SiliconPulse.build/Debug/SiliconPulse.build/Objects-normal/arm64/SiliconPulse.LinkFileList (in target 'SiliconPulse' from project 'SiliconPulse')
    cd /Users/alan/SiliconPulse
    write-file /Users/alan/Library/Developer/Xcode/DerivedData/SiliconPulse-fjzzmonopzoemsbeessstniitxrx/Build/Intermediates.noindex/SiliconPulse.build/Debug/SiliconPulse.build/Objects-normal/arm64/SiliconPulse.LinkFileList

WriteAuxiliaryFile /Users/alan/Library/Developer/Xcode/DerivedData/SiliconPulse-fjzzmonopzoemsbeessstniitxrx/Build/Intermediates.noindex/SiliconPulse.build/Debug/SiliconPulse.build/Objects-normal/arm64/SiliconPulse-OutputFileMap.json (in target 'SiliconPulse' from project 'SiliconPulse')
    cd /Users/alan/SiliconPulse
    write-file /Users/alan/Library/Developer/Xcode/DerivedData/SiliconPulse-fjzzmonopzoemsbeessstniitxrx/Build/Intermediates.noindex/SiliconPulse.build/Debug/SiliconPulse.build/Objects-normal/arm64/SiliconPulse-OutputFileMap.json

WriteAuxiliaryFile /Users/alan/Library/Developer/Xcode/DerivedData/SiliconPulse-fjzzmonopzoemsbeessstniitxrx/Build/Intermediates.noindex/SiliconPulse.build/Debug/SiliconPulse.build/DerivedSources/Entitlements.plist (in target 'SiliconPulse' from project 'SiliconPulse')
    cd /Users/alan/SiliconPulse
    write-file /Users/alan/Library/Developer/Xcode/DerivedData/SiliconPulse-fjzzmonopzoemsbeessstniitxrx/Build/Intermediates.noindex/SiliconPulse.build/Debug/SiliconPulse.build/DerivedSources/Entitlements.plist

MkDir /Users/alan/Library/Developer/Xcode/DerivedData/SiliconPulse-fjzzmonopzoemsbeessstniitxrx/Build/Products/Debug/SiliconPulse.app/Contents/Resources (in target 'SiliconPulse' from project 'SiliconPulse')
    cd /Users/alan/SiliconPulse
    /bin/mkdir -p /Users/alan/Library/Developer/Xcode/DerivedData/SiliconPulse-fjzzmonopzoemsbeessstniitxrx/Build/Products/Debug/SiliconPulse.app/Contents/Resources

MkDir /Users/alan/Library/Developer/Xcode/DerivedData/SiliconPulse-fjzzmonopzoemsbeessstniitxrx/Build/Products/Debug/SiliconPulse.app/Contents/MacOS (in target 'SiliconPulse' from project 'SiliconPulse')
    cd /Users/alan/SiliconPulse
    /bin/mkdir -p /Users/alan/Library/Developer/Xcode/DerivedData/SiliconPulse-fjzzmonopzoemsbeessstniitxrx/Build/Products/Debug/SiliconPulse.app/Contents/MacOS

MkDir /Users/alan/Library/Developer/Xcode/DerivedData/SiliconPulse-fjzzmonopzoemsbeessstniitxrx/Build/Products/Debug/SiliconPulse.app/Contents (in target 'SiliconPulse' from project 'SiliconPulse')
    cd /Users/alan/SiliconPulse
    /bin/mkdir -p /Users/alan/Library/Developer/Xcode/DerivedData/SiliconPulse-fjzzmonopzoemsbeessstniitxrx/Build/Products/Debug/SiliconPulse.app/Contents

MkDir /Users/alan/Library/Developer/Xcode/DerivedData/SiliconPulse-fjzzmonopzoemsbeessstniitxrx/Build/Products/Debug/SiliconPulse.app (in target 'SiliconPulse' from project 'SiliconPulse')
    cd /Users/alan/SiliconPulse
    /bin/mkdir -p /Users/alan/Library/Developer/Xcode/DerivedData/SiliconPulse-fjzzmonopzoemsbeessstniitxrx/Build/Products/Debug/SiliconPulse.app

ProcessProductPackaging "" /Users/alan/Library/Developer/Xcode/DerivedData/SiliconPulse-fjzzmonopzoemsbeessstniitxrx/Build/Intermediates.noindex/SiliconPulse.build/Debug/SiliconPulse.build/SiliconPulse.app.xcent (in target 'SiliconPulse' from project 'SiliconPulse')
    cd /Users/alan/SiliconPulse
    
    Entitlements:
    
    {
    "com.apple.security.app-sandbox" = 1;
    "com.apple.security.files.user-selected.read-only" = 1;
    "com.apple.security.get-task-allow" = 1;
}
    
    builtin-productPackagingUtility -entitlements -format xml -o /Users/alan/Library/Developer/Xcode/DerivedData/SiliconPulse-fjzzmonopzoemsbeessstniitxrx/Build/Intermediates.noindex/SiliconPulse.build/Debug/SiliconPulse.build/SiliconPulse.app.xcent

ProcessProductPackagingDER /Users/alan/Library/Developer/Xcode/DerivedData/SiliconPulse-fjzzmonopzoemsbeessstniitxrx/Build/Intermediates.noindex/SiliconPulse.build/Debug/SiliconPulse.build/SiliconPulse.app.xcent /Users/alan/Library/Developer/Xcode/DerivedData/SiliconPulse-fjzzmonopzoemsbeessstniitxrx/Build/Intermediates.noindex/SiliconPulse.build/Debug/SiliconPulse.build/SiliconPulse.app.xcent.der (in target 'SiliconPulse' from project 'SiliconPulse')
    cd /Users/alan/SiliconPulse
    /usr/bin/derq query -f xml -i /Users/alan/Library/Developer/Xcode/DerivedData/SiliconPulse-fjzzmonopzoemsbeessstniitxrx/Build/Intermediates.noindex/SiliconPulse.build/Debug/SiliconPulse.build/SiliconPulse.app.xcent -o /Users/alan/Library/Developer/Xcode/DerivedData/SiliconPulse-fjzzmonopzoemsbeessstniitxrx/Build/Intermediates.noindex/SiliconPulse.build/Debug/SiliconPulse.build/SiliconPulse.app.xcent.der --raw

CopyPlistFile /Users/alan/Library/Developer/Xcode/DerivedData/SiliconPulse-fjzzmonopzoemsbeessstniitxrx/Build/Products/Debug/SiliconPulse.app/Contents/Resources/Info.plist /Users/alan/SiliconPulse/SiliconPulse/Info.plist (in target 'SiliconPulse' from project 'SiliconPulse')
    cd /Users/alan/SiliconPulse
    builtin-copyPlist --outdir /Users/alan/Library/Developer/Xcode/DerivedData/SiliconPulse-fjzzmonopzoemsbeessstniitxrx/Build/Products/Debug/SiliconPulse.app/Contents/Resources -- /Users/alan/SiliconPulse/SiliconPulse/Info.plist

Ld /Users/alan/Library/Developer/Xcode/DerivedData/SiliconPulse-fjzzmonopzoemsbeessstniitxrx/Build/Products/Debug/SiliconPulse.app/Contents/MacOS/__preview.dylib normal (in target 'SiliconPulse' from project 'SiliconPulse')
    cd /Users/alan/SiliconPulse
    /Applications/Xcode.app/Contents/Developer/Toolchains/XcodeDefault.xctoolchain/usr/bin/clang -Xlinker -reproducible -target arm64-apple-macos26.2 -dynamiclib -isysroot /Applications/Xcode.app/Contents/Developer/Platforms/MacOSX.platform/Developer/SDKs/MacOSX26.2.sdk -O0 -L/Users/alan/Library/Developer/Xcode/DerivedData/SiliconPulse-fjzzmonopzoemsbeessstniitxrx/Build/Products/Debug -F/Users/alan/Library/Developer/Xcode/DerivedData/SiliconPulse-fjzzmonopzoemsbeessstniitxrx/Build/Products/Debug -install_name @rpath/SiliconPulse.debug.dylib -rdynamic -Xlinker -no_deduplicate -Xlinker -dependency_info -Xlinker /Users/alan/Library/Developer/Xcode/DerivedData/SiliconPulse-fjzzmonopzoemsbeessstniitxrx/Build/Intermediates.noindex/SiliconPulse.build/Debug/SiliconPulse.build/Objects-normal/arm64/SiliconPulse_dependency_info.dat -Xlinker -no_adhoc_codesign -o /Users/alan/Library/Developer/Xcode/DerivedData/SiliconPulse-fjzzmonopzoemsbeessstniitxrx/Build/Products/Debug/SiliconPulse.app/Contents/MacOS/__preview.dylib

GenerateAssetSymbols /Users/alan/SiliconPulse/SiliconPulse/Assets.xcassets (in target 'SiliconPulse' from project 'SiliconPulse')
    cd /Users/alan/SiliconPulse
    /Applications/Xcode.app/Contents/Developer/usr/bin/actool /Users/alan/SiliconPulse/SiliconPulse/Assets.xcassets --compile /Users/alan/Library/Developer/Xcode/DerivedData/SiliconPulse-fjzzmonopzoemsbeessstniitxrx/Build/Products/Debug/SiliconPulse.app/Contents/Resources --output-format human-readable-text --notices --warnings --export-dependency-info /Users/alan/Library/Developer/Xcode/DerivedData/SiliconPulse-fjzzmonopzoemsbeessstniitxrx/Build/Intermediates.noindex/SiliconPulse.build/Debug/SiliconPulse.build/assetcatalog_dependencies --output-partial-info-plist /Users/alan/Library/Developer/Xcode/DerivedData/SiliconPulse-fjzzmonopzoemsbeessstniitxrx/Build/Intermediates.noindex/SiliconPulse.build/Debug/SiliconPulse.build/assetcatalog_generated_info.plist --app-icon AppIcon --accent-color AccentColor --enable-on-demand-resources NO --development-region en --target-device mac --minimum-deployment-target 26.2 --platform macosx --bundle-identifier com.alan13367.SiliconPulse --generate-swift-asset-symbols /Users/alan/Library/Developer/Xcode/DerivedData/SiliconPulse-fjzzmonopzoemsbeessstniitxrx/Build/Intermediates.noindex/SiliconPulse.build/Debug/SiliconPulse.build/DerivedSources/GeneratedAssetSymbols.swift --generate-objc-asset-symbols /Users/alan/Library/Developer/Xcode/DerivedData/SiliconPulse-fjzzmonopzoemsbeessstniitxrx/Build/Intermediates.noindex/SiliconPulse.build/Debug/SiliconPulse.build/DerivedSources/GeneratedAssetSymbols.h --generate-asset-symbol-index /Users/alan/Library/Developer/Xcode/DerivedData/SiliconPulse-fjzzmonopzoemsbeessstniitxrx/Build/Intermediates.noindex/SiliconPulse.build/Debug/SiliconPulse.build/DerivedSources/GeneratedAssetSymbols-Index.plist
/* com.apple.actool.compilation-results */
/Users/alan/Library/Developer/Xcode/DerivedData/SiliconPulse-fjzzmonopzoemsbeessstniitxrx/Build/Intermediates.noindex/SiliconPulse.build/Debug/SiliconPulse.build/DerivedSources/GeneratedAssetSymbols-Index.plist
/Users/alan/Library/Developer/Xcode/DerivedData/SiliconPulse-fjzzmonopzoemsbeessstniitxrx/Build/Intermediates.noindex/SiliconPulse.build/Debug/SiliconPulse.build/DerivedSources/GeneratedAssetSymbols.h
/Users/alan/Library/Developer/Xcode/DerivedData/SiliconPulse-fjzzmonopzoemsbeessstniitxrx/Build/Intermediates.noindex/SiliconPulse.build/Debug/SiliconPulse.build/DerivedSources/GeneratedAssetSymbols.swift


MkDir /Users/alan/Library/Developer/Xcode/DerivedData/SiliconPulse-fjzzmonopzoemsbeessstniitxrx/Build/Intermediates.noindex/SiliconPulse.build/Debug/SiliconPulse.build/assetcatalog_output/thinned (in target 'SiliconPulse' from project 'SiliconPulse')
    cd /Users/alan/SiliconPulse
    /bin/mkdir -p /Users/alan/Library/Developer/Xcode/DerivedData/SiliconPulse-fjzzmonopzoemsbeessstniitxrx/Build/Intermediates.noindex/SiliconPulse.build/Debug/SiliconPulse.build/assetcatalog_output/thinned

MkDir /Users/alan/Library/Developer/Xcode/DerivedData/SiliconPulse-fjzzmonopzoemsbeessstniitxrx/Build/Intermediates.noindex/SiliconPulse.build/Debug/SiliconPulse.build/assetcatalog_output/unthinned (in target 'SiliconPulse' from project 'SiliconPulse')
    cd /Users/alan/SiliconPulse
    /bin/mkdir -p /Users/alan/Library/Developer/Xcode/DerivedData/SiliconPulse-fjzzmonopzoemsbeessstniitxrx/Build/Intermediates.noindex/SiliconPulse.build/Debug/SiliconPulse.build/assetcatalog_output/unthinned

CompileAssetCatalogVariant thinned /Users/alan/Library/Developer/Xcode/DerivedData/SiliconPulse-fjzzmonopzoemsbeessstniitxrx/Build/Products/Debug/SiliconPulse.app/Contents/Resources /Users/alan/SiliconPulse/SiliconPulse/Assets.xcassets (in target 'SiliconPulse' from project 'SiliconPulse')
    cd /Users/alan/SiliconPulse
    /Applications/Xcode.app/Contents/Developer/usr/bin/actool /Users/alan/SiliconPulse/SiliconPulse/Assets.xcassets --compile /Users/alan/Library/Developer/Xcode/DerivedData/SiliconPulse-fjzzmonopzoemsbeessstniitxrx/Build/Intermediates.noindex/SiliconPulse.build/Debug/SiliconPulse.build/assetcatalog_output/thinned --output-format human-readable-text --notices --warnings --export-dependency-info /Users/alan/Library/Developer/Xcode/DerivedData/SiliconPulse-fjzzmonopzoemsbeessstniitxrx/Build/Intermediates.noindex/SiliconPulse.build/Debug/SiliconPulse.build/assetcatalog_dependencies_thinned --output-partial-info-plist /Users/alan/Library/Developer/Xcode/DerivedData/SiliconPulse-fjzzmonopzoemsbeessstniitxrx/Build/Intermediates.noindex/SiliconPulse.build/Debug/SiliconPulse.build/assetcatalog_generated_info.plist_thinned --app-icon AppIcon --accent-color AccentColor --enable-on-demand-resources NO --development-region en --target-device mac --minimum-deployment-target 26.2 --platform macosx
/* com.apple.actool.compilation-results */
/Users/alan/Library/Developer/Xcode/DerivedData/SiliconPulse-fjzzmonopzoemsbeessstniitxrx/Build/Intermediates.noindex/SiliconPulse.build/Debug/SiliconPulse.build/assetcatalog_generated_info.plist_thinned


LinkAssetCatalog /Users/alan/SiliconPulse/SiliconPulse/Assets.xcassets (in target 'SiliconPulse' from project 'SiliconPulse')
    cd /Users/alan/SiliconPulse
    builtin-linkAssetCatalog --thinned /Users/alan/Library/Developer/Xcode/DerivedData/SiliconPulse-fjzzmonopzoemsbeessstniitxrx/Build/Intermediates.noindex/SiliconPulse.build/Debug/SiliconPulse.build/assetcatalog_output/thinned --thinned-dependencies /Users/alan/Library/Developer/Xcode/DerivedData/SiliconPulse-fjzzmonopzoemsbeessstniitxrx/Build/Intermediates.noindex/SiliconPulse.build/Debug/SiliconPulse.build/assetcatalog_dependencies_thinned --thinned-info-plist-content /Users/alan/Library/Developer/Xcode/DerivedData/SiliconPulse-fjzzmonopzoemsbeessstniitxrx/Build/Intermediates.noindex/SiliconPulse.build/Debug/SiliconPulse.build/assetcatalog_generated_info.plist_thinned --unthinned /Users/alan/Library/Developer/Xcode/DerivedData/SiliconPulse-fjzzmonopzoemsbeessstniitxrx/Build/Intermediates.noindex/SiliconPulse.build/Debug/SiliconPulse.build/assetcatalog_output/unthinned --unthinned-dependencies /Users/alan/Library/Developer/Xcode/DerivedData/SiliconPulse-fjzzmonopzoemsbeessstniitxrx/Build/Intermediates.noindex/SiliconPulse.build/Debug/SiliconPulse.build/assetcatalog_dependencies_unthinned --unthinned-info-plist-content /Users/alan/Library/Developer/Xcode/DerivedData/SiliconPulse-fjzzmonopzoemsbeessstniitxrx/Build/Intermediates.noindex/SiliconPulse.build/Debug/SiliconPulse.build/assetcatalog_generated_info.plist_unthinned --output /Users/alan/Library/Developer/Xcode/DerivedData/SiliconPulse-fjzzmonopzoemsbeessstniitxrx/Build/Products/Debug/SiliconPulse.app/Contents/Resources --plist-output /Users/alan/Library/Developer/Xcode/DerivedData/SiliconPulse-fjzzmonopzoemsbeessstniitxrx/Build/Intermediates.noindex/SiliconPulse.build/Debug/SiliconPulse.build/assetcatalog_generated_info.plist

ProcessInfoPlistFile /Users/alan/Library/Developer/Xcode/DerivedData/SiliconPulse-fjzzmonopzoemsbeessstniitxrx/Build/Products/Debug/SiliconPulse.app/Contents/Info.plist /Users/alan/Library/Developer/Xcode/DerivedData/SiliconPulse-fjzzmonopzoemsbeessstniitxrx/Build/Intermediates.noindex/SiliconPulse.build/Debug/SiliconPulse.build/empty-SiliconPulse.plist (in target 'SiliconPulse' from project 'SiliconPulse')
    cd /Users/alan/SiliconPulse
    builtin-infoPlistUtility /Users/alan/Library/Developer/Xcode/DerivedData/SiliconPulse-fjzzmonopzoemsbeessstniitxrx/Build/Intermediates.noindex/SiliconPulse.build/Debug/SiliconPulse.build/empty-SiliconPulse.plist -producttype com.apple.product-type.application -genpkginfo /Users/alan/Library/Developer/Xcode/DerivedData/SiliconPulse-fjzzmonopzoemsbeessstniitxrx/Build/Products/Debug/SiliconPulse.app/Contents/PkgInfo -expandbuildsettings -platform macosx -additionalcontentfile /Users/alan/Library/Developer/Xcode/DerivedData/SiliconPulse-fjzzmonopzoemsbeessstniitxrx/Build/Intermediates.noindex/SiliconPulse.build/Debug/SiliconPulse.build/assetcatalog_generated_info.plist -o /Users/alan/Library/Developer/Xcode/DerivedData/SiliconPulse-fjzzmonopzoemsbeessstniitxrx/Build/Products/Debug/SiliconPulse.app/Contents/Info.plist

SwiftDriver SiliconPulse normal arm64 com.apple.xcode.tools.swift.compiler (in target 'SiliconPulse' from project 'SiliconPulse')
    cd /Users/alan/SiliconPulse
    builtin-SwiftDriver -- /Applications/Xcode.app/Contents/Developer/Toolchains/XcodeDefault.xctoolchain/usr/bin/swiftc -module-name SiliconPulse -Onone -enforce-exclusivity\=checked @/Users/alan/Library/Developer/Xcode/DerivedData/SiliconPulse-fjzzmonopzoemsbeessstniitxrx/Build/Intermediates.noindex/SiliconPulse.build/Debug/SiliconPulse.build/Objects-normal/arm64/SiliconPulse.SwiftFileList -DDEBUG -default-isolation\=MainActor -enable-bare-slash-regex -enable-upcoming-feature DisableOutwardActorInference -enable-upcoming-feature InferSendableFromCaptures -enable-upcoming-feature GlobalActorIsolatedTypesUsability -enable-upcoming-feature MemberImportVisibility -enable-upcoming-feature InferIsolatedConformances -enable-upcoming-feature NonisolatedNonsendingByDefault -enable-experimental-feature DebugDescriptionMacro -sdk /Applications/Xcode.app/Contents/Developer/Platforms/MacOSX.platform/Developer/SDKs/MacOSX26.2.sdk -target arm64-apple-macos26.2 -g -module-cache-path /Users/alan/Library/Developer/Xcode/DerivedData/ModuleCache.noindex -Xfrontend -serialize-debugging-options -enable-testing -index-store-path /Users/alan/Library/Developer/Xcode/DerivedData/SiliconPulse-fjzzmonopzoemsbeessstniitxrx/Index.noindex/DataStore -Xcc -D_LIBCPP_HARDENING_MODE\=_LIBCPP_HARDENING_MODE_DEBUG -swift-version 5 -I /Users/alan/Library/Developer/Xcode/DerivedData/SiliconPulse-fjzzmonopzoemsbeessstniitxrx/Build/Products/Debug -F /Users/alan/Library/Developer/Xcode/DerivedData/SiliconPulse-fjzzmonopzoemsbeessstniitxrx/Build/Products/Debug -emit-localized-strings -emit-localized-strings-path /Users/alan/Library/Developer/Xcode/DerivedData/SiliconPulse-fjzzmonopzoemsbeessstniitxrx/Build/Intermediates.noindex/SiliconPulse.build/Debug/SiliconPulse.build/Objects-normal/arm64 -c -j10 -enable-batch-mode -incremental -Xcc -ivfsstatcache -Xcc /Users/alan/Library/Developer/Xcode/DerivedData/SDKStatCaches.noindex/macosx26.2-25C57-00fa09913b459cbbc988d1f6730289ae.sdkstatcache -output-file-map /Users/alan/Library/Developer/Xcode/DerivedData/SiliconPulse-fjzzmonopzoemsbeessstniitxrx/Build/Intermediates.noindex/SiliconPulse.build/Debug/SiliconPulse.build/Objects-normal/arm64/SiliconPulse-OutputFileMap.json -use-frontend-parseable-output -save-temps -no-color-diagnostics -explicit-module-build -module-cache-path /Users/alan/Library/Developer/Xcode/DerivedData/SiliconPulse-fjzzmonopzoemsbeessstniitxrx/Build/Intermediates.noindex/SwiftExplicitPrecompiledModules -clang-scanner-module-cache-path /Users/alan/Library/Developer/Xcode/DerivedData/ModuleCache.noindex -sdk-module-cache-path /Users/alan/Library/Developer/Xcode/DerivedData/ModuleCache.noindex -serialize-diagnostics -emit-dependencies -emit-module -emit-module-path /Users/alan/Library/Developer/Xcode/DerivedData/SiliconPulse-fjzzmonopzoemsbeessstniitxrx/Build/Intermediates.noindex/SiliconPulse.build/Debug/SiliconPulse.build/Objects-normal/arm64/SiliconPulse.swiftmodule -validate-clang-modules-once -clang-build-session-file /Users/alan/Library/Developer/Xcode/DerivedData/ModuleCache.noindex/Session.modulevalidation -Xcc -I/Users/alan/Library/Developer/Xcode/DerivedData/SiliconPulse-fjzzmonopzoemsbeessstniitxrx/Build/Intermediates.noindex/SiliconPulse.build/Debug/SiliconPulse.build/swift-overrides.hmap -emit-const-values -Xfrontend -const-gather-protocols-file -Xfrontend /Users/alan/Library/Developer/Xcode/DerivedData/SiliconPulse-fjzzmonopzoemsbeessstniitxrx/Build/Intermediates.noindex/SiliconPulse.build/Debug/SiliconPulse.build/Objects-normal/arm64/SiliconPulse_const_extract_protocols.json -Xcc -iquote -Xcc /Users/alan/Library/Developer/Xcode/DerivedData/SiliconPulse-fjzzmonopzoemsbeessstniitxrx/Build/Intermediates.noindex/SiliconPulse.build/Debug/SiliconPulse.build/SiliconPulse-generated-files.hmap -Xcc -I/Users/alan/Library/Developer/Xcode/DerivedData/SiliconPulse-fjzzmonopzoemsbeessstniitxrx/Build/Intermediates.noindex/SiliconPulse.build/Debug/SiliconPulse.build/SiliconPulse-own-target-headers.hmap -Xcc -I/Users/alan/Library/Developer/Xcode/DerivedData/SiliconPulse-fjzzmonopzoemsbeessstniitxrx/Build/Intermediates.noindex/SiliconPulse.build/Debug/SiliconPulse.build/SiliconPulse-all-target-headers.hmap -Xcc -iquote -Xcc /Users/alan/Library/Developer/Xcode/DerivedData/SiliconPulse-fjzzmonopzoemsbeessstniitxrx/Build/Intermediates.noindex/SiliconPulse.build/Debug/SiliconPulse.build/SiliconPulse-project-headers.hmap -Xcc -I/Users/alan/Library/Developer/Xcode/DerivedData/SiliconPulse-fjzzmonopzoemsbeessstniitxrx/Build/Products/Debug/include -Xcc -I/Users/alan/Library/Developer/Xcode/DerivedData/SiliconPulse-fjzzmonopzoemsbeessstniitxrx/Build/Intermediates.noindex/SiliconPulse.build/Debug/SiliconPulse.build/DerivedSources-normal/arm64 -Xcc -I/Users/alan/Library/Developer/Xcode/DerivedData/SiliconPulse-fjzzmonopzoemsbeessstniitxrx/Build/Intermediates.noindex/SiliconPulse.build/Debug/SiliconPulse.build/DerivedSources/arm64 -Xcc -I/Users/alan/Library/Developer/Xcode/DerivedData/SiliconPulse-fjzzmonopzoemsbeessstniitxrx/Build/Intermediates.noindex/SiliconPulse.build/Debug/SiliconPulse.build/DerivedSources -Xcc -DDEBUG\=1 -emit-objc-header -emit-objc-header-path /Users/alan/Library/Developer/Xcode/DerivedData/SiliconPulse-fjzzmonopzoemsbeessstniitxrx/Build/Intermediates.noindex/SiliconPulse.build/Debug/SiliconPulse.build/Objects-normal/arm64/SiliconPulse-Swift.h -working-directory /Users/alan/SiliconPulse -experimental-emit-module-separately -disable-cmo

SwiftExplicitDependencyGeneratePcm arm64 /Users/alan/Library/Developer/Xcode/DerivedData/ModuleCache.noindex/SwiftShims-5OVRBN0WL7GB4M9UFR9HOARHK.pcm

SwiftExplicitDependencyGeneratePcm arm64 /Users/alan/Library/Developer/Xcode/DerivedData/ModuleCache.noindex/DeveloperToolsSupport-5U6YQ7Q10Q7OINB1JNFFJH2TX.pcm

SwiftExplicitDependencyGeneratePcm arm64 /Users/alan/Library/Developer/Xcode/DerivedData/ModuleCache.noindex/_Builtin_stddef-C799G9639UKIU3P5F5HVOY274.pcm

SwiftExplicitDependencyGeneratePcm arm64 /Users/alan/Library/Developer/Xcode/DerivedData/ModuleCache.noindex/_Builtin_stdbool-5PJA9HG0YHV9QGYM7U94RQ40E.pcm

SwiftExplicitDependencyGeneratePcm arm64 /Users/alan/Library/Developer/Xcode/DerivedData/ModuleCache.noindex/ptrcheck-8QTLCQYCV9VAQ3CWM8H4WJGPV.pcm

SwiftExplicitDependencyGeneratePcm arm64 /Users/alan/Library/Developer/Xcode/DerivedData/ModuleCache.noindex/_Builtin_stdarg-C92AFLHR34XFN8YUYINHZ4HNZ.pcm

SwiftExplicitDependencyGeneratePcm arm64 /Users/alan/Library/Developer/Xcode/DerivedData/ModuleCache.noindex/_AvailabilityInternal-9P8GZ7MDWN3LVDFAKEZAOJYEY.pcm

SwiftExplicitDependencyGeneratePcm arm64 /Users/alan/Library/Developer/Xcode/DerivedData/ModuleCache.noindex/ptrauth-A3RH0W0JC1JI0E1T3JHEH0X6H.pcm

SwiftExplicitDependencyGeneratePcm arm64 /Users/alan/Library/Developer/Xcode/DerivedData/ModuleCache.noindex/_Builtin_float-6SJN6S2ZSEJKTZ15EN482OVUO.pcm

SwiftExplicitDependencyGeneratePcm arm64 /Users/alan/Library/Developer/Xcode/DerivedData/ModuleCache.noindex/_SwiftConcurrencyShims-178NESG0AXL2CSO9G0FFB5AKC.pcm

SwiftExplicitDependencyGeneratePcm arm64 /Users/alan/Library/Developer/Xcode/DerivedData/ModuleCache.noindex/_DarwinFoundation1-AJDKMMBA4R50817SADBE98G0K.pcm

SwiftExplicitDependencyGeneratePcm arm64 /Users/alan/Library/Developer/Xcode/DerivedData/ModuleCache.noindex/_DarwinFoundation2-3EPNAQX2GKI4G5GHB8ADLBUCJ.pcm

SwiftExplicitDependencyGeneratePcm arm64 /Users/alan/Library/Developer/Xcode/DerivedData/ModuleCache.noindex/_Builtin_limits-E2X1QCR1GONJ1I7YBERIMNUA0.pcm

SwiftExplicitDependencyGeneratePcm arm64 /Users/alan/Library/Developer/Xcode/DerivedData/ModuleCache.noindex/_Builtin_stdint-38EJ5HRCKRPQIKV8Q9GY0T0KC.pcm

SwiftExplicitDependencyGeneratePcm arm64 /Users/alan/Library/Developer/Xcode/DerivedData/ModuleCache.noindex/sys_types-4Y7HZE974AHUTXJMIYL5SC25I.pcm

SwiftExplicitDependencyGeneratePcm arm64 /Users/alan/Library/Developer/Xcode/DerivedData/ModuleCache.noindex/_Builtin_tgmath-92F8DJG96P4RQD5QCEYC1GCNS.pcm

SwiftExplicitDependencyGeneratePcm arm64 /Users/alan/Library/Developer/Xcode/DerivedData/ModuleCache.noindex/libDER-BPY8PZ2V5EVOEV8236Z4N2D7P.pcm

SwiftExplicitDependencyGeneratePcm arm64 /Users/alan/Library/Developer/Xcode/DerivedData/ModuleCache.noindex/OpenGL-A8T8B2MHBGRKKT1L4VCXDZJZ6.pcm

SwiftExplicitDependencyGeneratePcm arm64 /Users/alan/Library/Developer/Xcode/DerivedData/ModuleCache.noindex/_Builtin_intrinsics-BREG0QT4S34P94B8NYCN0QLYO.pcm

SwiftExplicitDependencyGeneratePcm arm64 /Users/alan/Library/Developer/Xcode/DerivedData/ModuleCache.noindex/_Builtin_stdatomic-9GW2271ZKGBXE5RRG0CC9DZTD.pcm

SwiftExplicitDependencyGeneratePcm arm64 /Users/alan/Library/Developer/Xcode/DerivedData/ModuleCache.noindex/_DarwinFoundation3-EIF1GW94CKUAOJ7CM6DBNG5N3.pcm

SwiftExplicitDependencyGeneratePcm arm64 /Users/alan/Library/Developer/Xcode/DerivedData/ModuleCache.noindex/_Builtin_inttypes-EZLC25CJPH9VHDFFB03GF6X9L.pcm

SwiftExplicitDependencyGeneratePcm arm64 /Users/alan/Library/Developer/Xcode/DerivedData/ModuleCache.noindex/Darwin-BTF5RB9GV8N9YK7KK6MTOQZ2S.pcm

SwiftExplicitDependencyGeneratePcm arm64 /Users/alan/Library/Developer/Xcode/DerivedData/ModuleCache.noindex/simd-ETK7C79Q4EVXP2F2NFBXO1U4Z.pcm

SwiftExplicitDependencyGeneratePcm arm64 /Users/alan/Library/Developer/Xcode/DerivedData/ModuleCache.noindex/MachO-9GO9FEJLVKYJ1U2JAO53YP32J.pcm

SwiftExplicitDependencyGeneratePcm arm64 /Users/alan/Library/Developer/Xcode/DerivedData/ModuleCache.noindex/launch-8EQKP02T9PETL14FO2EENK5UK.pcm

SwiftExplicitDependencyGeneratePcm arm64 /Users/alan/Library/Developer/Xcode/DerivedData/ModuleCache.noindex/CUPS-BOKVSARLTHO6IMEN7KCX1RKQ4.pcm

SwiftExplicitDependencyGeneratePcm arm64 /Users/alan/Library/Developer/Xcode/DerivedData/ModuleCache.noindex/libkern-1LN64AKKF1BLK2WCBAKCG8D9N.pcm

SwiftExplicitDependencyGeneratePcm arm64 /Users/alan/Library/Developer/Xcode/DerivedData/ModuleCache.noindex/Spatial-4FFZOW1ZHTK89TH94K5KSBXKD.pcm

SwiftExplicitDependencyGeneratePcm arm64 /Users/alan/Library/Developer/Xcode/DerivedData/ModuleCache.noindex/ObjectiveC-3O192HLXZWM5MP09RXNU7M605.pcm

SwiftExplicitDependencyGeneratePcm arm64 /Users/alan/Library/Developer/Xcode/DerivedData/ModuleCache.noindex/os_object-7O5JSN5ICM947VC0L6D0940N3.pcm

SwiftExplicitDependencyGeneratePcm arm64 /Users/alan/Library/Developer/Xcode/DerivedData/ModuleCache.noindex/os_workgroup-BYIIO88A1ZM0S1ZYN4MGYF0IE.pcm

SwiftExplicitDependencyGeneratePcm arm64 /Users/alan/Library/Developer/Xcode/DerivedData/ModuleCache.noindex/Dispatch-7MYMSBP5O089YQGT8YNN9LYB8.pcm

SwiftExplicitDependencyGeneratePcm arm64 /Users/alan/Library/Developer/Xcode/DerivedData/ModuleCache.noindex/XPC-73F8XTSEN8NJ3V2YCCT7T904Y.pcm

SwiftExplicitDependencyGeneratePcm arm64 /Users/alan/Library/Developer/Xcode/DerivedData/ModuleCache.noindex/CoreFoundation-4ISPVS7ORDSXB60TNP4RP009I.pcm

SwiftExplicitDependencyGeneratePcm arm64 /Users/alan/Library/Developer/Xcode/DerivedData/ModuleCache.noindex/os-1X1PC22RFGY0S8N3F6CCECI0R.pcm

SwiftExplicitDependencyGeneratePcm arm64 /Users/alan/Library/Developer/Xcode/DerivedData/ModuleCache.noindex/IOKit-BL3FOMJN4AU9FD66PWLK60F4Y.pcm

SwiftExplicitDependencyGeneratePcm arm64 /Users/alan/Library/Developer/Xcode/DerivedData/ModuleCache.noindex/CFNetwork-BWSGU66VHMTDL0ZNOR1OEMHKS.pcm

SwiftExplicitDependencyGeneratePcm arm64 /Users/alan/Library/Developer/Xcode/DerivedData/ModuleCache.noindex/ColorSync-5B54DG13YNDU2TAS7U7MSNT0R.pcm

SwiftExplicitDependencyGeneratePcm arm64 /Users/alan/Library/Developer/Xcode/DerivedData/ModuleCache.noindex/Security-9OXYZMEM0RZXPIPJNBZ92QRNA.pcm

SwiftExplicitDependencyGeneratePcm arm64 /Users/alan/Library/Developer/Xcode/DerivedData/ModuleCache.noindex/DiskArbitration-BQ34W0MALHWMIGKKGJ6JMYZB4.pcm

SwiftExplicitDependencyGeneratePcm arm64 /Users/alan/Library/Developer/Xcode/DerivedData/ModuleCache.noindex/CoreGraphics-A8J26AF4HG6NZBYEHKTAPE8LS.pcm

SwiftExplicitDependencyGeneratePcm arm64 /Users/alan/Library/Developer/Xcode/DerivedData/ModuleCache.noindex/CoreServices-DQILIB7HLK3E2B101U3ZS2JRA.pcm

SwiftExplicitDependencyGeneratePcm arm64 /Users/alan/Library/Developer/Xcode/DerivedData/ModuleCache.noindex/CoreText-CWTLNQFYGIKI4UN45WCJC6R4F.pcm

SwiftExplicitDependencyGeneratePcm arm64 /Users/alan/Library/Developer/Xcode/DerivedData/ModuleCache.noindex/ImageIO-CIOH0FU54JQ7AYW8W9JD0N6NV.pcm

SwiftExplicitDependencyGeneratePcm arm64 /Users/alan/Library/Developer/Xcode/DerivedData/ModuleCache.noindex/Foundation-8NHSOCOD6NQZGNM8XDCAGHXGM.pcm

SwiftExplicitDependencyGeneratePcm arm64 /Users/alan/Library/Developer/Xcode/DerivedData/ModuleCache.noindex/CoreTransferable-5ZZGV833INASNF1I96R7YZNE1.pcm

SwiftExplicitDependencyGeneratePcm arm64 /Users/alan/Library/Developer/Xcode/DerivedData/ModuleCache.noindex/UniformTypeIdentifiers-22L5VZL78M33Z2PJZWT5XCXZ1.pcm

SwiftExplicitDependencyGeneratePcm arm64 /Users/alan/Library/Developer/Xcode/DerivedData/ModuleCache.noindex/IOSurface-90AGJRUNYAH6AM69R0W26J8HL.pcm

SwiftExplicitDependencyGeneratePcm arm64 /Users/alan/Library/Developer/Xcode/DerivedData/ModuleCache.noindex/CoreData-53V9IWLAOHW98IR15G14GVTSY.pcm

SwiftExplicitDependencyGeneratePcm arm64 /Users/alan/Library/Developer/Xcode/DerivedData/ModuleCache.noindex/Accessibility-7ASQJ4GU91JL1A5BNR265D8EL.pcm

SwiftExplicitDependencyGeneratePcm arm64 /Users/alan/Library/Developer/Xcode/DerivedData/ModuleCache.noindex/ApplicationServices-7QC754QVK6A4D0A9JLEV9O472.pcm

SwiftExplicitDependencyGeneratePcm arm64 /Users/alan/Library/Developer/Xcode/DerivedData/ModuleCache.noindex/Symbols-7V5055CMGNJ5HEODJELEBMUSN.pcm

SwiftExplicitDependencyGeneratePcm arm64 /Users/alan/Library/Developer/Xcode/DerivedData/ModuleCache.noindex/ServiceManagement-CNSLZYT5CLJYVC63QIHWKOPKX.pcm

SwiftExplicitDependencyGeneratePcm arm64 /Users/alan/Library/Developer/Xcode/DerivedData/ModuleCache.noindex/DataDetection-9Y75524808I3J3MWXL6O1NOAD.pcm

SwiftExplicitDependencyGeneratePcm arm64 /Users/alan/Library/Developer/Xcode/DerivedData/ModuleCache.noindex/OSLog-664YV5NRXK76PJYA1ZH880LK2.pcm

SwiftExplicitDependencyGeneratePcm arm64 /Users/alan/Library/Developer/Xcode/DerivedData/ModuleCache.noindex/Metal-DSKR04HUIRYI6X2RLYZXGMBSW.pcm

SwiftExplicitDependencyGeneratePcm arm64 /Users/alan/Library/Developer/Xcode/DerivedData/ModuleCache.noindex/CoreVideo-775VFRYHLWO2PELMILSXI9XIQ.pcm

SwiftExplicitDependencyGeneratePcm arm64 /Users/alan/Library/Developer/Xcode/DerivedData/ModuleCache.noindex/CoreImage-3MMKDDYW584VV187HSG12OE9K.pcm

SwiftExplicitDependencyGeneratePcm arm64 /Users/alan/Library/Developer/Xcode/DerivedData/ModuleCache.noindex/QuartzCore-ATHY0ONQJ19HGRINUVSXUZ66.pcm

SwiftExplicitDependencyGeneratePcm arm64 /Users/alan/Library/Developer/Xcode/DerivedData/ModuleCache.noindex/SwiftUICore-A1XBK77LJ7XDCIWWIWFPJVJPK.pcm

SwiftExplicitDependencyGeneratePcm arm64 /Users/alan/Library/Developer/Xcode/DerivedData/ModuleCache.noindex/AppKit-8VVLJ7XCHRK68BRTMWCQKGYSY.pcm

SwiftExplicitDependencyGeneratePcm arm64 /Users/alan/Library/Developer/Xcode/DerivedData/ModuleCache.noindex/SwiftUI-8YWGGLV4OC1WS8BAN33D2XIOF.pcm

SwiftCompile normal arm64 Compiling\ SystemMonitor.swift /Users/alan/SiliconPulse/SiliconPulse/SystemMonitor.swift (in target 'SiliconPulse' from project 'SiliconPulse')

SwiftCompile normal arm64 /Users/alan/SiliconPulse/SiliconPulse/SystemMonitor.swift (in target 'SiliconPulse' from project 'SiliconPulse')
    cd /Users/alan/SiliconPulse
    

SwiftCompile normal arm64 Compiling\ ThermalMonitor.swift /Users/alan/SiliconPulse/SiliconPulse/ThermalMonitor.swift (in target 'SiliconPulse' from project 'SiliconPulse')

SwiftCompile normal arm64 /Users/alan/SiliconPulse/SiliconPulse/ThermalMonitor.swift (in target 'SiliconPulse' from project 'SiliconPulse')
    cd /Users/alan/SiliconPulse
    
/Users/alan/SiliconPulse/SiliconPulse/ThermalMonitor.swift:142:13: warning: result of call to 'notify_cancel' is unused
            notify_cancel(notifyPort)
            ^            ~~~~~~~~~~~~

SwiftCompile normal arm64 Compiling\ GeneratedAssetSymbols.swift /Users/alan/Library/Developer/Xcode/DerivedData/SiliconPulse-fjzzmonopzoemsbeessstniitxrx/Build/Intermediates.noindex/SiliconPulse.build/Debug/SiliconPulse.build/DerivedSources/GeneratedAssetSymbols.swift (in target 'SiliconPulse' from project 'SiliconPulse')

SwiftCompile normal arm64 /Users/alan/Library/Developer/Xcode/DerivedData/SiliconPulse-fjzzmonopzoemsbeessstniitxrx/Build/Intermediates.noindex/SiliconPulse.build/Debug/SiliconPulse.build/DerivedSources/GeneratedAssetSymbols.swift (in target 'SiliconPulse' from project 'SiliconPulse')
    cd /Users/alan/SiliconPulse
    

SwiftCompile normal arm64 Compiling\ SettingsView.swift /Users/alan/SiliconPulse/SiliconPulse/SettingsView.swift (in target 'SiliconPulse' from project 'SiliconPulse')
SwiftCompile normal arm64 /Users/alan/SiliconPulse/SiliconPulse/SettingsView.swift (in target 'SiliconPulse' from project 'SiliconPulse')
    cd /Users/alan/SiliconPulse
    

SwiftCompile normal arm64 Compiling\ SiliconPulseApp.swift /Users/alan/SiliconPulse/SiliconPulse/SiliconPulseApp.swift (in target 'SiliconPulse' from project 'SiliconPulse')

SwiftCompile normal arm64 /Users/alan/SiliconPulse/SiliconPulse/SiliconPulseApp.swift (in target 'SiliconPulse' from project 'SiliconPulse')
    cd /Users/alan/SiliconPulse
    

SwiftEmitModule normal arm64 Emitting\ module\ for\ SiliconPulse (in target 'SiliconPulse' from project 'SiliconPulse')

EmitSwiftModule normal arm64 (in target 'SiliconPulse' from project 'SiliconPulse')
    cd /Users/alan/SiliconPulse
    

SwiftCompile normal arm64 Compiling\ SettingsManager.swift /Users/alan/SiliconPulse/SiliconPulse/SettingsManager.swift (in target 'SiliconPulse' from project 'SiliconPulse')

SwiftCompile normal arm64 /Users/alan/SiliconPulse/SiliconPulse/SettingsManager.swift (in target 'SiliconPulse' from project 'SiliconPulse')
    cd /Users/alan/SiliconPulse
    

SwiftCompile normal arm64 Compiling\ ContentView.swift /Users/alan/SiliconPulse/SiliconPulse/ContentView.swift (in target 'SiliconPulse' from project 'SiliconPulse')

SwiftCompile normal arm64 /Users/alan/SiliconPulse/SiliconPulse/ContentView.swift (in target 'SiliconPulse' from project 'SiliconPulse')
    cd /Users/alan/SiliconPulse
    

SwiftCompile normal arm64 Compiling\ MenuBarView.swift /Users/alan/SiliconPulse/SiliconPulse/MenuBarView.swift (in target 'SiliconPulse' from project 'SiliconPulse')
SwiftCompile normal arm64 /Users/alan/SiliconPulse/SiliconPulse/MenuBarView.swift (in target 'SiliconPulse' from project 'SiliconPulse')
    cd /Users/alan/SiliconPulse
    

SwiftDriverJobDiscovery normal arm64 Emitting module for SiliconPulse (in target 'SiliconPulse' from project 'SiliconPulse')

SwiftDriver\ Compilation\ Requirements SiliconPulse normal arm64 com.apple.xcode.tools.swift.compiler (in target 'SiliconPulse' from project 'SiliconPulse')
    cd /Users/alan/SiliconPulse
    builtin-Swift-Compilation-Requirements -- /Applications/Xcode.app/Contents/Developer/Toolchains/XcodeDefault.xctoolchain/usr/bin/swiftc -module-name SiliconPulse -Onone -enforce-exclusivity\=checked @/Users/alan/Library/Developer/Xcode/DerivedData/SiliconPulse-fjzzmonopzoemsbeessstniitxrx/Build/Intermediates.noindex/SiliconPulse.build/Debug/SiliconPulse.build/Objects-normal/arm64/SiliconPulse.SwiftFileList -DDEBUG -default-isolation\=MainActor -enable-bare-slash-regex -enable-upcoming-feature DisableOutwardActorInference -enable-upcoming-feature InferSendableFromCaptures -enable-upcoming-feature GlobalActorIsolatedTypesUsability -enable-upcoming-feature MemberImportVisibility -enable-upcoming-feature InferIsolatedConformances -enable-upcoming-feature NonisolatedNonsendingByDefault -enable-experimental-feature DebugDescriptionMacro -sdk /Applications/Xcode.app/Contents/Developer/Platforms/MacOSX.platform/Developer/SDKs/MacOSX26.2.sdk -target arm64-apple-macos26.2 -g -module-cache-path /Users/alan/Library/Developer/Xcode/DerivedData/ModuleCache.noindex -Xfrontend -serialize-debugging-options -enable-testing -index-store-path /Users/alan/Library/Developer/Xcode/DerivedData/SiliconPulse-fjzzmonopzoemsbeessstniitxrx/Index.noindex/DataStore -Xcc -D_LIBCPP_HARDENING_MODE\=_LIBCPP_HARDENING_MODE_DEBUG -swift-version 5 -I /Users/alan/Library/Developer/Xcode/DerivedData/SiliconPulse-fjzzmonopzoemsbeessstniitxrx/Build/Products/Debug -F /Users/alan/Library/Developer/Xcode/DerivedData/SiliconPulse-fjzzmonopzoemsbeessstniitxrx/Build/Products/Debug -emit-localized-strings -emit-localized-strings-path /Users/alan/Library/Developer/Xcode/DerivedData/SiliconPulse-fjzzmonopzoemsbeessstniitxrx/Build/Intermediates.noindex/SiliconPulse.build/Debug/SiliconPulse.build/Objects-normal/arm64 -c -j10 -enable-batch-mode -incremental -Xcc -ivfsstatcache -Xcc /Users/alan/Library/Developer/Xcode/DerivedData/SDKStatCaches.noindex/macosx26.2-25C57-00fa09913b459cbbc988d1f6730289ae.sdkstatcache -output-file-map /Users/alan/Library/Developer/Xcode/DerivedData/SiliconPulse-fjzzmonopzoemsbeessstniitxrx/Build/Intermediates.noindex/SiliconPulse.build/Debug/SiliconPulse.build/Objects-normal/arm64/SiliconPulse-OutputFileMap.json -use-frontend-parseable-output -save-temps -no-color-diagnostics -explicit-module-build -module-cache-path /Users/alan/Library/Developer/Xcode/DerivedData/SiliconPulse-fjzzmonopzoemsbeessstniitxrx/Build/Intermediates.noindex/SwiftExplicitPrecompiledModules -clang-scanner-module-cache-path /Users/alan/Library/Developer/Xcode/DerivedData/ModuleCache.noindex -sdk-module-cache-path /Users/alan/Library/Developer/Xcode/DerivedData/ModuleCache.noindex -serialize-diagnostics -emit-dependencies -emit-module -emit-module-path /Users/alan/Library/Developer/Xcode/DerivedData/SiliconPulse-fjzzmonopzoemsbeessstniitxrx/Build/Intermediates.noindex/SiliconPulse.build/Debug/SiliconPulse.build/Objects-normal/arm64/SiliconPulse.swiftmodule -validate-clang-modules-once -clang-build-session-file /Users/alan/Library/Developer/Xcode/DerivedData/ModuleCache.noindex/Session.modulevalidation -Xcc -I/Users/alan/Library/Developer/Xcode/DerivedData/SiliconPulse-fjzzmonopzoemsbeessstniitxrx/Build/Intermediates.noindex/SiliconPulse.build/Debug/SiliconPulse.build/swift-overrides.hmap -emit-const-values -Xfrontend -const-gather-protocols-file -Xfrontend /Users/alan/Library/Developer/Xcode/DerivedData/SiliconPulse-fjzzmonopzoemsbeessstniitxrx/Build/Intermediates.noindex/SiliconPulse.build/Debug/SiliconPulse.build/Objects-normal/arm64/SiliconPulse_const_extract_protocols.json -Xcc -iquote -Xcc /Users/alan/Library/Developer/Xcode/DerivedData/SiliconPulse-fjzzmonopzoemsbeessstniitxrx/Build/Intermediates.noindex/SiliconPulse.build/Debug/SiliconPulse.build/SiliconPulse-generated-files.hmap -Xcc -I/Users/alan/Library/Developer/Xcode/DerivedData/SiliconPulse-fjzzmonopzoemsbeessstniitxrx/Build/Intermediates.noindex/SiliconPulse.build/Debug/SiliconPulse.build/SiliconPulse-own-target-headers.hmap -Xcc -I/Users/alan/Library/Developer/Xcode/DerivedData/SiliconPulse-fjzzmonopzoemsbeessstniitxrx/Build/Intermediates.noindex/SiliconPulse.build/Debug/SiliconPulse.build/SiliconPulse-all-target-headers.hmap -Xcc -iquote -Xcc /Users/alan/Library/Developer/Xcode/DerivedData/SiliconPulse-fjzzmonopzoemsbeessstniitxrx/Build/Intermediates.noindex/SiliconPulse.build/Debug/SiliconPulse.build/SiliconPulse-project-headers.hmap -Xcc -I/Users/alan/Library/Developer/Xcode/DerivedData/SiliconPulse-fjzzmonopzoemsbeessstniitxrx/Build/Products/Debug/include -Xcc -I/Users/alan/Library/Developer/Xcode/DerivedData/SiliconPulse-fjzzmonopzoemsbeessstniitxrx/Build/Intermediates.noindex/SiliconPulse.build/Debug/SiliconPulse.build/DerivedSources-normal/arm64 -Xcc -I/Users/alan/Library/Developer/Xcode/DerivedData/SiliconPulse-fjzzmonopzoemsbeessstniitxrx/Build/Intermediates.noindex/SiliconPulse.build/Debug/SiliconPulse.build/DerivedSources/arm64 -Xcc -I/Users/alan/Library/Developer/Xcode/DerivedData/SiliconPulse-fjzzmonopzoemsbeessstniitxrx/Build/Intermediates.noindex/SiliconPulse.build/Debug/SiliconPulse.build/DerivedSources -Xcc -DDEBUG\=1 -emit-objc-header -emit-objc-header-path /Users/alan/Library/Developer/Xcode/DerivedData/SiliconPulse-fjzzmonopzoemsbeessstniitxrx/Build/Intermediates.noindex/SiliconPulse.build/Debug/SiliconPulse.build/Objects-normal/arm64/SiliconPulse-Swift.h -working-directory /Users/alan/SiliconPulse -experimental-emit-module-separately -disable-cmo

SwiftMergeGeneratedHeaders /Users/alan/Library/Developer/Xcode/DerivedData/SiliconPulse-fjzzmonopzoemsbeessstniitxrx/Build/Intermediates.noindex/SiliconPulse.build/Debug/SiliconPulse.build/DerivedSources/SiliconPulse-Swift.h /Users/alan/Library/Developer/Xcode/DerivedData/SiliconPulse-fjzzmonopzoemsbeessstniitxrx/Build/Intermediates.noindex/SiliconPulse.build/Debug/SiliconPulse.build/Objects-normal/arm64/SiliconPulse-Swift.h (in target 'SiliconPulse' from project 'SiliconPulse')
    cd /Users/alan/SiliconPulse
    builtin-swiftHeaderTool -arch arm64 /Users/alan/Library/Developer/Xcode/DerivedData/SiliconPulse-fjzzmonopzoemsbeessstniitxrx/Build/Intermediates.noindex/SiliconPulse.build/Debug/SiliconPulse.build/Objects-normal/arm64/SiliconPulse-Swift.h -o /Users/alan/Library/Developer/Xcode/DerivedData/SiliconPulse-fjzzmonopzoemsbeessstniitxrx/Build/Intermediates.noindex/SiliconPulse.build/Debug/SiliconPulse.build/DerivedSources/SiliconPulse-Swift.h

Copy /Users/alan/Library/Developer/Xcode/DerivedData/SiliconPulse-fjzzmonopzoemsbeessstniitxrx/Build/Products/Debug/SiliconPulse.swiftmodule/arm64-apple-macos.swiftmodule /Users/alan/Library/Developer/Xcode/DerivedData/SiliconPulse-fjzzmonopzoemsbeessstniitxrx/Build/Intermediates.noindex/SiliconPulse.build/Debug/SiliconPulse.build/Objects-normal/arm64/SiliconPulse.swiftmodule (in target 'SiliconPulse' from project 'SiliconPulse')
    cd /Users/alan/SiliconPulse
    builtin-copy -exclude .DS_Store -exclude CVS -exclude .svn -exclude .git -exclude .hg -resolve-src-symlinks -rename /Users/alan/Library/Developer/Xcode/DerivedData/SiliconPulse-fjzzmonopzoemsbeessstniitxrx/Build/Intermediates.noindex/SiliconPulse.build/Debug/SiliconPulse.build/Objects-normal/arm64/SiliconPulse.swiftmodule /Users/alan/Library/Developer/Xcode/DerivedData/SiliconPulse-fjzzmonopzoemsbeessstniitxrx/Build/Products/Debug/SiliconPulse.swiftmodule/arm64-apple-macos.swiftmodule

Copy /Users/alan/Library/Developer/Xcode/DerivedData/SiliconPulse-fjzzmonopzoemsbeessstniitxrx/Build/Products/Debug/SiliconPulse.swiftmodule/arm64-apple-macos.swiftdoc /Users/alan/Library/Developer/Xcode/DerivedData/SiliconPulse-fjzzmonopzoemsbeessstniitxrx/Build/Intermediates.noindex/SiliconPulse.build/Debug/SiliconPulse.build/Objects-normal/arm64/SiliconPulse.swiftdoc (in target 'SiliconPulse' from project 'SiliconPulse')
    cd /Users/alan/SiliconPulse
    builtin-copy -exclude .DS_Store -exclude CVS -exclude .svn -exclude .git -exclude .hg -resolve-src-symlinks -rename /Users/alan/Library/Developer/Xcode/DerivedData/SiliconPulse-fjzzmonopzoemsbeessstniitxrx/Build/Intermediates.noindex/SiliconPulse.build/Debug/SiliconPulse.build/Objects-normal/arm64/SiliconPulse.swiftdoc /Users/alan/Library/Developer/Xcode/DerivedData/SiliconPulse-fjzzmonopzoemsbeessstniitxrx/Build/Products/Debug/SiliconPulse.swiftmodule/arm64-apple-macos.swiftdoc

Copy /Users/alan/Library/Developer/Xcode/DerivedData/SiliconPulse-fjzzmonopzoemsbeessstniitxrx/Build/Products/Debug/SiliconPulse.swiftmodule/arm64-apple-macos.abi.json /Users/alan/Library/Developer/Xcode/DerivedData/SiliconPulse-fjzzmonopzoemsbeessstniitxrx/Build/Intermediates.noindex/SiliconPulse.build/Debug/SiliconPulse.build/Objects-normal/arm64/SiliconPulse.abi.json (in target 'SiliconPulse' from project 'SiliconPulse')
    cd /Users/alan/SiliconPulse
    builtin-copy -exclude .DS_Store -exclude CVS -exclude .svn -exclude .git -exclude .hg -resolve-src-symlinks -rename /Users/alan/Library/Developer/Xcode/DerivedData/SiliconPulse-fjzzmonopzoemsbeessstniitxrx/Build/Intermediates.noindex/SiliconPulse.build/Debug/SiliconPulse.build/Objects-normal/arm64/SiliconPulse.abi.json /Users/alan/Library/Developer/Xcode/DerivedData/SiliconPulse-fjzzmonopzoemsbeessstniitxrx/Build/Products/Debug/SiliconPulse.swiftmodule/arm64-apple-macos.abi.json

Copy /Users/alan/Library/Developer/Xcode/DerivedData/SiliconPulse-fjzzmonopzoemsbeessstniitxrx/Build/Products/Debug/SiliconPulse.swiftmodule/Project/arm64-apple-macos.swiftsourceinfo /Users/alan/Library/Developer/Xcode/DerivedData/SiliconPulse-fjzzmonopzoemsbeessstniitxrx/Build/Intermediates.noindex/SiliconPulse.build/Debug/SiliconPulse.build/Objects-normal/arm64/SiliconPulse.swiftsourceinfo (in target 'SiliconPulse' from project 'SiliconPulse')
    cd /Users/alan/SiliconPulse
    builtin-copy -exclude .DS_Store -exclude CVS -exclude .svn -exclude .git -exclude .hg -resolve-src-symlinks -rename /Users/alan/Library/Developer/Xcode/DerivedData/SiliconPulse-fjzzmonopzoemsbeessstniitxrx/Build/Intermediates.noindex/SiliconPulse.build/Debug/SiliconPulse.build/Objects-normal/arm64/SiliconPulse.swiftsourceinfo /Users/alan/Library/Developer/Xcode/DerivedData/SiliconPulse-fjzzmonopzoemsbeessstniitxrx/Build/Products/Debug/SiliconPulse.swiftmodule/Project/arm64-apple-macos.swiftsourceinfo

SwiftDriverJobDiscovery normal arm64 Compiling SettingsManager.swift (in target 'SiliconPulse' from project 'SiliconPulse')

SwiftDriverJobDiscovery normal arm64 Compiling GeneratedAssetSymbols.swift (in target 'SiliconPulse' from project 'SiliconPulse')

SwiftDriverJobDiscovery normal arm64 Compiling ThermalMonitor.swift (in target 'SiliconPulse' from project 'SiliconPulse')

SwiftDriverJobDiscovery normal arm64 Compiling ContentView.swift (in target 'SiliconPulse' from project 'SiliconPulse')

SwiftDriverJobDiscovery normal arm64 Compiling SiliconPulseApp.swift (in target 'SiliconPulse' from project 'SiliconPulse')

SwiftDriverJobDiscovery normal arm64 Compiling SystemMonitor.swift (in target 'SiliconPulse' from project 'SiliconPulse')

SwiftDriverJobDiscovery normal arm64 Compiling MenuBarView.swift (in target 'SiliconPulse' from project 'SiliconPulse')

SwiftDriverJobDiscovery normal arm64 Compiling SettingsView.swift (in target 'SiliconPulse' from project 'SiliconPulse')

SwiftDriver\ Compilation SiliconPulse normal arm64 com.apple.xcode.tools.swift.compiler (in target 'SiliconPulse' from project 'SiliconPulse')
    cd /Users/alan/SiliconPulse
    builtin-Swift-Compilation -- /Applications/Xcode.app/Contents/Developer/Toolchains/XcodeDefault.xctoolchain/usr/bin/swiftc -module-name SiliconPulse -Onone -enforce-exclusivity\=checked @/Users/alan/Library/Developer/Xcode/DerivedData/SiliconPulse-fjzzmonopzoemsbeessstniitxrx/Build/Intermediates.noindex/SiliconPulse.build/Debug/SiliconPulse.build/Objects-normal/arm64/SiliconPulse.SwiftFileList -DDEBUG -default-isolation\=MainActor -enable-bare-slash-regex -enable-upcoming-feature DisableOutwardActorInference -enable-upcoming-feature InferSendableFromCaptures -enable-upcoming-feature GlobalActorIsolatedTypesUsability -enable-upcoming-feature MemberImportVisibility -enable-upcoming-feature InferIsolatedConformances -enable-upcoming-feature NonisolatedNonsendingByDefault -enable-experimental-feature DebugDescriptionMacro -sdk /Applications/Xcode.app/Contents/Developer/Platforms/MacOSX.platform/Developer/SDKs/MacOSX26.2.sdk -target arm64-apple-macos26.2 -g -module-cache-path /Users/alan/Library/Developer/Xcode/DerivedData/ModuleCache.noindex -Xfrontend -serialize-debugging-options -enable-testing -index-store-path /Users/alan/Library/Developer/Xcode/DerivedData/SiliconPulse-fjzzmonopzoemsbeessstniitxrx/Index.noindex/DataStore -Xcc -D_LIBCPP_HARDENING_MODE\=_LIBCPP_HARDENING_MODE_DEBUG -swift-version 5 -I /Users/alan/Library/Developer/Xcode/DerivedData/SiliconPulse-fjzzmonopzoemsbeessstniitxrx/Build/Products/Debug -F /Users/alan/Library/Developer/Xcode/DerivedData/SiliconPulse-fjzzmonopzoemsbeessstniitxrx/Build/Products/Debug -emit-localized-strings -emit-localized-strings-path /Users/alan/Library/Developer/Xcode/DerivedData/SiliconPulse-fjzzmonopzoemsbeessstniitxrx/Build/Intermediates.noindex/SiliconPulse.build/Debug/SiliconPulse.build/Objects-normal/arm64 -c -j10 -enable-batch-mode -incremental -Xcc -ivfsstatcache -Xcc /Users/alan/Library/Developer/Xcode/DerivedData/SDKStatCaches.noindex/macosx26.2-25C57-00fa09913b459cbbc988d1f6730289ae.sdkstatcache -output-file-map /Users/alan/Library/Developer/Xcode/DerivedData/SiliconPulse-fjzzmonopzoemsbeessstniitxrx/Build/Intermediates.noindex/SiliconPulse.build/Debug/SiliconPulse.build/Objects-normal/arm64/SiliconPulse-OutputFileMap.json -use-frontend-parseable-output -save-temps -no-color-diagnostics -explicit-module-build -module-cache-path /Users/alan/Library/Developer/Xcode/DerivedData/SiliconPulse-fjzzmonopzoemsbeessstniitxrx/Build/Intermediates.noindex/SwiftExplicitPrecompiledModules -clang-scanner-module-cache-path /Users/alan/Library/Developer/Xcode/DerivedData/ModuleCache.noindex -sdk-module-cache-path /Users/alan/Library/Developer/Xcode/DerivedData/ModuleCache.noindex -serialize-diagnostics -emit-dependencies -emit-module -emit-module-path /Users/alan/Library/Developer/Xcode/DerivedData/SiliconPulse-fjzzmonopzoemsbeessstniitxrx/Build/Intermediates.noindex/SiliconPulse.build/Debug/SiliconPulse.build/Objects-normal/arm64/SiliconPulse.swiftmodule -validate-clang-modules-once -clang-build-session-file /Users/alan/Library/Developer/Xcode/DerivedData/ModuleCache.noindex/Session.modulevalidation -Xcc -I/Users/alan/Library/Developer/Xcode/DerivedData/SiliconPulse-fjzzmonopzoemsbeessstniitxrx/Build/Intermediates.noindex/SiliconPulse.build/Debug/SiliconPulse.build/swift-overrides.hmap -emit-const-values -Xfrontend -const-gather-protocols-file -Xfrontend /Users/alan/Library/Developer/Xcode/DerivedData/SiliconPulse-fjzzmonopzoemsbeessstniitxrx/Build/Intermediates.noindex/SiliconPulse.build/Debug/SiliconPulse.build/Objects-normal/arm64/SiliconPulse_const_extract_protocols.json -Xcc -iquote -Xcc /Users/alan/Library/Developer/Xcode/DerivedData/SiliconPulse-fjzzmonopzoemsbeessstniitxrx/Build/Intermediates.noindex/SiliconPulse.build/Debug/SiliconPulse.build/SiliconPulse-generated-files.hmap -Xcc -I/Users/alan/Library/Developer/Xcode/DerivedData/SiliconPulse-fjzzmonopzoemsbeessstniitxrx/Build/Intermediates.noindex/SiliconPulse.build/Debug/SiliconPulse.build/SiliconPulse-own-target-headers.hmap -Xcc -I/Users/alan/Library/Developer/Xcode/DerivedData/SiliconPulse-fjzzmonopzoemsbeessstniitxrx/Build/Intermediates.noindex/SiliconPulse.build/Debug/SiliconPulse.build/SiliconPulse-all-target-headers.hmap -Xcc -iquote -Xcc /Users/alan/Library/Developer/Xcode/DerivedData/SiliconPulse-fjzzmonopzoemsbeessstniitxrx/Build/Intermediates.noindex/SiliconPulse.build/Debug/SiliconPulse.build/SiliconPulse-project-headers.hmap -Xcc -I/Users/alan/Library/Developer/Xcode/DerivedData/SiliconPulse-fjzzmonopzoemsbeessstniitxrx/Build/Products/Debug/include -Xcc -I/Users/alan/Library/Developer/Xcode/DerivedData/SiliconPulse-fjzzmonopzoemsbeessstniitxrx/Build/Intermediates.noindex/SiliconPulse.build/Debug/SiliconPulse.build/DerivedSources-normal/arm64 -Xcc -I/Users/alan/Library/Developer/Xcode/DerivedData/SiliconPulse-fjzzmonopzoemsbeessstniitxrx/Build/Intermediates.noindex/SiliconPulse.build/Debug/SiliconPulse.build/DerivedSources/arm64 -Xcc -I/Users/alan/Library/Developer/Xcode/DerivedData/SiliconPulse-fjzzmonopzoemsbeessstniitxrx/Build/Intermediates.noindex/SiliconPulse.build/Debug/SiliconPulse.build/DerivedSources -Xcc -DDEBUG\=1 -emit-objc-header -emit-objc-header-path /Users/alan/Library/Developer/Xcode/DerivedData/SiliconPulse-fjzzmonopzoemsbeessstniitxrx/Build/Intermediates.noindex/SiliconPulse.build/Debug/SiliconPulse.build/Objects-normal/arm64/SiliconPulse-Swift.h -working-directory /Users/alan/SiliconPulse -experimental-emit-module-separately -disable-cmo

Ld /Users/alan/Library/Developer/Xcode/DerivedData/SiliconPulse-fjzzmonopzoemsbeessstniitxrx/Build/Products/Debug/SiliconPulse.app/Contents/MacOS/SiliconPulse.debug.dylib normal (in target 'SiliconPulse' from project 'SiliconPulse')
    cd /Users/alan/SiliconPulse
    /Applications/Xcode.app/Contents/Developer/Toolchains/XcodeDefault.xctoolchain/usr/bin/clang -Xlinker -reproducible -target arm64-apple-macos26.2 -dynamiclib -isysroot /Applications/Xcode.app/Contents/Developer/Platforms/MacOSX.platform/Developer/SDKs/MacOSX26.2.sdk -O0 -L/Users/alan/Library/Developer/Xcode/DerivedData/SiliconPulse-fjzzmonopzoemsbeessstniitxrx/Build/Intermediates.noindex/EagerLinkingTBDs/Debug -L/Users/alan/Library/Developer/Xcode/DerivedData/SiliconPulse-fjzzmonopzoemsbeessstniitxrx/Build/Products/Debug -F/Users/alan/Library/Developer/Xcode/DerivedData/SiliconPulse-fjzzmonopzoemsbeessstniitxrx/Build/Intermediates.noindex/EagerLinkingTBDs/Debug -F/Users/alan/Library/Developer/Xcode/DerivedData/SiliconPulse-fjzzmonopzoemsbeessstniitxrx/Build/Products/Debug -filelist /Users/alan/Library/Developer/Xcode/DerivedData/SiliconPulse-fjzzmonopzoemsbeessstniitxrx/Build/Intermediates.noindex/SiliconPulse.build/Debug/SiliconPulse.build/Objects-normal/arm64/SiliconPulse.LinkFileList -install_name @rpath/SiliconPulse.debug.dylib -Xlinker -rpath -Xlinker @executable_path/../Frameworks -Xlinker -object_path_lto -Xlinker /Users/alan/Library/Developer/Xcode/DerivedData/SiliconPulse-fjzzmonopzoemsbeessstniitxrx/Build/Intermediates.noindex/SiliconPulse.build/Debug/SiliconPulse.build/Objects-normal/arm64/SiliconPulse_lto.o -rdynamic -Xlinker -no_deduplicate -Xlinker -dependency_info -Xlinker /Users/alan/Library/Developer/Xcode/DerivedData/SiliconPulse-fjzzmonopzoemsbeessstniitxrx/Build/Intermediates.noindex/SiliconPulse.build/Debug/SiliconPulse.build/Objects-normal/arm64/SiliconPulse_dependency_info.dat -fobjc-link-runtime -L/Applications/Xcode.app/Contents/Developer/Toolchains/XcodeDefault.xctoolchain/usr/lib/swift/macosx -L/usr/lib/swift -Xlinker -add_ast_path -Xlinker /Users/alan/Library/Developer/Xcode/DerivedData/SiliconPulse-fjzzmonopzoemsbeessstniitxrx/Build/Intermediates.noindex/SiliconPulse.build/Debug/SiliconPulse.build/Objects-normal/arm64/SiliconPulse.swiftmodule @/Users/alan/Library/Developer/Xcode/DerivedData/SiliconPulse-fjzzmonopzoemsbeessstniitxrx/Build/Intermediates.noindex/SiliconPulse.build/Debug/SiliconPulse.build/Objects-normal/arm64/SiliconPulse-linker-args.resp -Xlinker -alias -Xlinker _main -Xlinker ___debug_main_executable_dylib_entry_point -Xlinker -no_adhoc_codesign -o /Users/alan/Library/Developer/Xcode/DerivedData/SiliconPulse-fjzzmonopzoemsbeessstniitxrx/Build/Products/Debug/SiliconPulse.app/Contents/MacOS/SiliconPulse.debug.dylib

ConstructStubExecutorLinkFileList /Users/alan/Library/Developer/Xcode/DerivedData/SiliconPulse-fjzzmonopzoemsbeessstniitxrx/Build/Intermediates.noindex/SiliconPulse.build/Debug/SiliconPulse.build/SiliconPulse-ExecutorLinkFileList-normal-arm64.txt (in target 'SiliconPulse' from project 'SiliconPulse')
    cd /Users/alan/SiliconPulse
    construct-stub-executor-link-file-list /Users/alan/Library/Developer/Xcode/DerivedData/SiliconPulse-fjzzmonopzoemsbeessstniitxrx/Build/Products/Debug/SiliconPulse.app/Contents/MacOS/SiliconPulse.debug.dylib /Applications/Xcode.app/Contents/Developer/Platforms/MacOSX.platform/Developer/usr/lib/libPreviewsJITStubExecutor_no_swift_entry_point.a /Applications/Xcode.app/Contents/Developer/Platforms/MacOSX.platform/Developer/usr/lib/libPreviewsJITStubExecutor.a --output /Users/alan/Library/Developer/Xcode/DerivedData/SiliconPulse-fjzzmonopzoemsbeessstniitxrx/Build/Intermediates.noindex/SiliconPulse.build/Debug/SiliconPulse.build/SiliconPulse-ExecutorLinkFileList-normal-arm64.txt
note: Using stub executor library with Swift entry point. (in target 'SiliconPulse' from project 'SiliconPulse')

Ld /Users/alan/Library/Developer/Xcode/DerivedData/SiliconPulse-fjzzmonopzoemsbeessstniitxrx/Build/Products/Debug/SiliconPulse.app/Contents/MacOS/SiliconPulse normal (in target 'SiliconPulse' from project 'SiliconPulse')
    cd /Users/alan/SiliconPulse
    /Applications/Xcode.app/Contents/Developer/Toolchains/XcodeDefault.xctoolchain/usr/bin/clang -Xlinker -reproducible -target arm64-apple-macos26.2 -isysroot /Applications/Xcode.app/Contents/Developer/Platforms/MacOSX.platform/Developer/SDKs/MacOSX26.2.sdk -O0 -L/Users/alan/Library/Developer/Xcode/DerivedData/SiliconPulse-fjzzmonopzoemsbeessstniitxrx/Build/Products/Debug -F/Users/alan/Library/Developer/Xcode/DerivedData/SiliconPulse-fjzzmonopzoemsbeessstniitxrx/Build/Products/Debug -Xlinker -rpath -Xlinker @executable_path -Xlinker -rpath -Xlinker @executable_path/../Frameworks -rdynamic -Xlinker -no_deduplicate -e ___debug_blank_executor_main -Xlinker -sectcreate -Xlinker __TEXT -Xlinker __debug_dylib -Xlinker /Users/alan/Library/Developer/Xcode/DerivedData/SiliconPulse-fjzzmonopzoemsbeessstniitxrx/Build/Intermediates.noindex/SiliconPulse.build/Debug/SiliconPulse.build/SiliconPulse-DebugDylibPath-normal-arm64.txt -Xlinker -sectcreate -Xlinker __TEXT -Xlinker __debug_instlnm -Xlinker /Users/alan/Library/Developer/Xcode/DerivedData/SiliconPulse-fjzzmonopzoemsbeessstniitxrx/Build/Intermediates.noindex/SiliconPulse.build/Debug/SiliconPulse.build/SiliconPulse-DebugDylibInstallName-normal-arm64.txt -Xlinker -filelist -Xlinker /Users/alan/Library/Developer/Xcode/DerivedData/SiliconPulse-fjzzmonopzoemsbeessstniitxrx/Build/Intermediates.noindex/SiliconPulse.build/Debug/SiliconPulse.build/SiliconPulse-ExecutorLinkFileList-normal-arm64.txt /Users/alan/Library/Developer/Xcode/DerivedData/SiliconPulse-fjzzmonopzoemsbeessstniitxrx/Build/Products/Debug/SiliconPulse.app/Contents/MacOS/SiliconPulse.debug.dylib -Xlinker -no_adhoc_codesign -o /Users/alan/Library/Developer/Xcode/DerivedData/SiliconPulse-fjzzmonopzoemsbeessstniitxrx/Build/Products/Debug/SiliconPulse.app/Contents/MacOS/SiliconPulse

CopySwiftLibs /Users/alan/Library/Developer/Xcode/DerivedData/SiliconPulse-fjzzmonopzoemsbeessstniitxrx/Build/Products/Debug/SiliconPulse.app (in target 'SiliconPulse' from project 'SiliconPulse')
    cd /Users/alan/SiliconPulse
    builtin-swiftStdLibTool --copy --verbose --sign - --scan-executable /Users/alan/Library/Developer/Xcode/DerivedData/SiliconPulse-fjzzmonopzoemsbeessstniitxrx/Build/Products/Debug/SiliconPulse.app/Contents/MacOS/SiliconPulse.debug.dylib --scan-folder /Users/alan/Library/Developer/Xcode/DerivedData/SiliconPulse-fjzzmonopzoemsbeessstniitxrx/Build/Products/Debug/SiliconPulse.app/Contents/Frameworks --scan-folder /Users/alan/Library/Developer/Xcode/DerivedData/SiliconPulse-fjzzmonopzoemsbeessstniitxrx/Build/Products/Debug/SiliconPulse.app/Contents/PlugIns --scan-folder /Users/alan/Library/Developer/Xcode/DerivedData/SiliconPulse-fjzzmonopzoemsbeessstniitxrx/Build/Products/Debug/SiliconPulse.app/Contents/Library/SystemExtensions --scan-folder /Users/alan/Library/Developer/Xcode/DerivedData/SiliconPulse-fjzzmonopzoemsbeessstniitxrx/Build/Products/Debug/SiliconPulse.app/Contents/Extensions --platform macosx --toolchain /Applications/Xcode.app/Contents/Developer/Toolchains/XcodeDefault.xctoolchain --destination /Users/alan/Library/Developer/Xcode/DerivedData/SiliconPulse-fjzzmonopzoemsbeessstniitxrx/Build/Products/Debug/SiliconPulse.app/Contents/Frameworks --strip-bitcode --strip-bitcode-tool /Applications/Xcode.app/Contents/Developer/Toolchains/XcodeDefault.xctoolchain/usr/bin/bitcode_strip --emit-dependency-info /Users/alan/Library/Developer/Xcode/DerivedData/SiliconPulse-fjzzmonopzoemsbeessstniitxrx/Build/Intermediates.noindex/SiliconPulse.build/Debug/SiliconPulse.build/SwiftStdLibToolInputDependencies.dep --filter-for-swift-os

ExtractAppIntentsMetadata (in target 'SiliconPulse' from project 'SiliconPulse')
    cd /Users/alan/SiliconPulse
    /Applications/Xcode.app/Contents/Developer/Toolchains/XcodeDefault.xctoolchain/usr/bin/appintentsmetadataprocessor --toolchain-dir /Applications/Xcode.app/Contents/Developer/Toolchains/XcodeDefault.xctoolchain --module-name SiliconPulse --sdk-root /Applications/Xcode.app/Contents/Developer/Platforms/MacOSX.platform/Developer/SDKs/MacOSX26.2.sdk --xcode-version 17C52 --platform-family macOS --deployment-target 26.2 --bundle-identifier com.alan13367.SiliconPulse --output /Users/alan/Library/Developer/Xcode/DerivedData/SiliconPulse-fjzzmonopzoemsbeessstniitxrx/Build/Products/Debug/SiliconPulse.app/Contents/Resources --target-triple arm64-apple-macos26.2 --binary-file /Users/alan/Library/Developer/Xcode/DerivedData/SiliconPulse-fjzzmonopzoemsbeessstniitxrx/Build/Products/Debug/SiliconPulse.app/Contents/MacOS/SiliconPulse --dependency-file /Users/alan/Library/Developer/Xcode/DerivedData/SiliconPulse-fjzzmonopzoemsbeessstniitxrx/Build/Intermediates.noindex/SiliconPulse.build/Debug/SiliconPulse.build/Objects-normal/arm64/SiliconPulse_dependency_info.dat --stringsdata-file /Users/alan/Library/Developer/Xcode/DerivedData/SiliconPulse-fjzzmonopzoemsbeessstniitxrx/Build/Intermediates.noindex/SiliconPulse.build/Debug/SiliconPulse.build/Objects-normal/arm64/ExtractedAppShortcutsMetadata.stringsdata --source-file-list /Users/alan/Library/Developer/Xcode/DerivedData/SiliconPulse-fjzzmonopzoemsbeessstniitxrx/Build/Intermediates.noindex/SiliconPulse.build/Debug/SiliconPulse.build/Objects-normal/arm64/SiliconPulse.SwiftFileList --metadata-file-list /Users/alan/Library/Developer/Xcode/DerivedData/SiliconPulse-fjzzmonopzoemsbeessstniitxrx/Build/Intermediates.noindex/SiliconPulse.build/Debug/SiliconPulse.build/SiliconPulse.DependencyMetadataFileList --static-metadata-file-list /Users/alan/Library/Developer/Xcode/DerivedData/SiliconPulse-fjzzmonopzoemsbeessstniitxrx/Build/Intermediates.noindex/SiliconPulse.build/Debug/SiliconPulse.build/SiliconPulse.DependencyStaticMetadataFileList --swift-const-vals-list /Users/alan/Library/Developer/Xcode/DerivedData/SiliconPulse-fjzzmonopzoemsbeessstniitxrx/Build/Intermediates.noindex/SiliconPulse.build/Debug/SiliconPulse.build/Objects-normal/arm64/SiliconPulse.SwiftConstValuesFileList --compile-time-extraction --deployment-aware-processing --validate-assistant-intents --no-app-shortcuts-localization
2026-01-01 16:25:38.962 appintentsmetadataprocessor[12394:6515926] Starting appintentsmetadataprocessor export
2026-01-01 16:25:38.964 appintentsmetadataprocessor[12394:6515926] warning: Metadata extraction skipped. No AppIntents.framework dependency found.

CodeSign /Users/alan/Library/Developer/Xcode/DerivedData/SiliconPulse-fjzzmonopzoemsbeessstniitxrx/Build/Products/Debug/SiliconPulse.app/Contents/MacOS/SiliconPulse.debug.dylib (in target 'SiliconPulse' from project 'SiliconPulse')
    cd /Users/alan/SiliconPulse
    
    Signing Identity:     "Sign to Run Locally"
    
    /usr/bin/codesign --force --sign - --timestamp\=none --generate-entitlement-der /Users/alan/Library/Developer/Xcode/DerivedData/SiliconPulse-fjzzmonopzoemsbeessstniitxrx/Build/Products/Debug/SiliconPulse.app/Contents/MacOS/SiliconPulse.debug.dylib

CodeSign /Users/alan/Library/Developer/Xcode/DerivedData/SiliconPulse-fjzzmonopzoemsbeessstniitxrx/Build/Products/Debug/SiliconPulse.app/Contents/MacOS/__preview.dylib (in target 'SiliconPulse' from project 'SiliconPulse')
    cd /Users/alan/SiliconPulse
    
    Signing Identity:     "Sign to Run Locally"
    
    /usr/bin/codesign --force --sign - --timestamp\=none --generate-entitlement-der /Users/alan/Library/Developer/Xcode/DerivedData/SiliconPulse-fjzzmonopzoemsbeessstniitxrx/Build/Products/Debug/SiliconPulse.app/Contents/MacOS/__preview.dylib

CodeSign /Users/alan/Library/Developer/Xcode/DerivedData/SiliconPulse-fjzzmonopzoemsbeessstniitxrx/Build/Products/Debug/SiliconPulse.app (in target 'SiliconPulse' from project 'SiliconPulse')
    cd /Users/alan/SiliconPulse
    
    Signing Identity:     "Sign to Run Locally"
    
    /usr/bin/codesign --force --sign - --entitlements /Users/alan/Library/Developer/Xcode/DerivedData/SiliconPulse-fjzzmonopzoemsbeessstniitxrx/Build/Intermediates.noindex/SiliconPulse.build/Debug/SiliconPulse.build/SiliconPulse.app.xcent --timestamp\=none --generate-entitlement-der /Users/alan/Library/Developer/Xcode/DerivedData/SiliconPulse-fjzzmonopzoemsbeessstniitxrx/Build/Products/Debug/SiliconPulse.app

RegisterExecutionPolicyException /Users/alan/Library/Developer/Xcode/DerivedData/SiliconPulse-fjzzmonopzoemsbeessstniitxrx/Build/Products/Debug/SiliconPulse.app (in target 'SiliconPulse' from project 'SiliconPulse')
    cd /Users/alan/SiliconPulse
    builtin-RegisterExecutionPolicyException /Users/alan/Library/Developer/Xcode/DerivedData/SiliconPulse-fjzzmonopzoemsbeessstniitxrx/Build/Products/Debug/SiliconPulse.app

Validate /Users/alan/Library/Developer/Xcode/DerivedData/SiliconPulse-fjzzmonopzoemsbeessstniitxrx/Build/Products/Debug/SiliconPulse.app (in target 'SiliconPulse' from project 'SiliconPulse')
    cd /Users/alan/SiliconPulse
    builtin-validationUtility /Users/alan/Library/Developer/Xcode/DerivedData/SiliconPulse-fjzzmonopzoemsbeessstniitxrx/Build/Products/Debug/SiliconPulse.app -no-validate-extension -infoplist-subpath Contents/Info.plist

Touch /Users/alan/Library/Developer/Xcode/DerivedData/SiliconPulse-fjzzmonopzoemsbeessstniitxrx/Build/Products/Debug/SiliconPulse.app (in target 'SiliconPulse' from project 'SiliconPulse')
    cd /Users/alan/SiliconPulse
    /usr/bin/touch -c /Users/alan/Library/Developer/Xcode/DerivedData/SiliconPulse-fjzzmonopzoemsbeessstniitxrx/Build/Products/Debug/SiliconPulse.app

RegisterWithLaunchServices /Users/alan/Library/Developer/Xcode/DerivedData/SiliconPulse-fjzzmonopzoemsbeessstniitxrx/Build/Products/Debug/SiliconPulse.app (in target 'SiliconPulse' from project 'SiliconPulse')
    cd /Users/alan/SiliconPulse
    /System/Library/Frameworks/CoreServices.framework/Versions/Current/Frameworks/LaunchServices.framework/Versions/Current/Support/lsregister -f -R -trusted /Users/alan/Library/Developer/Xcode/DerivedData/SiliconPulse-fjzzmonopzoemsbeessstniitxrx/Build/Products/Debug/SiliconPulse.app

** BUILD SUCCEEDED **

